> Solving the next problem at: 2024-09-27 08:30:26 UTC
> Search algorithm: bfs
> Instance ID=mprime/pprob22-err-rate-0-5
> Plan length=13
> Domain class: mprime
> Instance name: pprob22-err-rate-0-5
> Ground plan:
['(drink chicken cherry kentucky alsace surrey surrey alsace)', '(feast achievement beef shrimp surrey alsace)', '(feast aesthetics scallop shrimp alsace kentucky)', '(feast triumph popover ham surrey alsace)', '(drink shrimp popover moravia goias kentucky surrey alsace)', '(overcome hangover understanding ham uranus neptune)', '(feast understanding ham popover surrey alsace)', '(feast understanding popover chicken surrey alsace)', '(feast understanding chicken cherry surrey alsace)', '(feast understanding cherry scallop surrey alsace)', '(feast understanding scallop shrimp surrey alsace)', '(feast understanding shrimp lamb kentucky goias)', '(succumb hangover understanding lamb uranus neptune)']
> Lifted plan:
['drink', 'feast', 'feast', 'feast', 'drink', 'overcome', 'feast', 'feast', 'feast', 'feast', 'feast', 'feast', 'succumb']
>>>  Vanilla ground repair length:
0

>>>  Vanilla ground repair:


An error occurred during A* search: name 'logger' is not defined
Traceback (most recent call last):
  File "/home/nader/projects/lifted-white-plan-domain-repair/search_partial_grounding/node.py", line 145, in get_neighbors
    possible_groundings = Node.grounder(domain, task, next_action_name)
                          ^^^^^^^^^^^^^^^^^^^^^^^^^^^^^^^^^^^^^^^^^^^^^
  File "/home/nader/projects/lifted-white-plan-domain-repair/search_partial_grounding/action_grounding_tools.py", line 102, in smart_grounder
    subprocess.run(
  File "/home/nader/miniconda3/envs/planning/lib/python3.12/subprocess.py", line 571, in run
    raise CalledProcessError(retcode, process.args,
subprocess.CalledProcessError: Command '['/home/nader/projects/lifted-white-plan-domain-repair/fd2/src/translate/translate.py', 'heuristic_tools/pass_to_grounder_domain.pddl', 'heuristic_tools/pass_to_grounder_task.pddl', '--sas-file', 'heuristic_tools/out.sas']' died with <Signals.SIGKILL: 9>.

During handling of the above exception, another exception occurred:

Traceback (most recent call last):
  File "/home/nader/projects/lifted-white-plan-domain-repair/instance_solver.py", line 70, in solve_instance
    path, goal_node = searcher.find_path(log_interval=log_interval)
                      ^^^^^^^^^^^^^^^^^^^^^^^^^^^^^^^^^^^^^^^^^^^^^
  File "/home/nader/projects/lifted-white-plan-domain-repair/search_partial_grounding/search_algorithms.py", line 49, in find_path
    for neighbor in current_node.get_neighbors():
                    ^^^^^^^^^^^^^^^^^^^^^^^^^^^^
  File "/home/nader/projects/lifted-white-plan-domain-repair/search_partial_grounding/node.py", line 148, in get_neighbors
    logger.info(f'>/>/ Current node:\n{self}')
    ^^^^^^
NameError: name 'logger' is not defined. Did you mean: 'self.logger'?

> Time spent on this problem: 0.0 hours = 2.1 minutes = 125.08 seconds
> Subprocess finished.
